<?xml version="1.0" encoding="UTF-8"?>
<coverage generated="1683733676081" clover="3.2.0">
  <project timestamp="1683733676081" name="All files">
    <metrics statements="25" coveredstatements="25" conditionals="16" coveredconditionals="15" methods="7" coveredmethods="7" elements="48" coveredelements="47" complexity="0" loc="25" ncloc="25" packages="1" files="3" classes="3"/>
    <file name="User.ts" path="/home/juan_vicente/Downloads/NeG/Implementacion/UAO/NeG/backend/src/user/domain/User.ts">
      <metrics statements="5" coveredstatements="5" conditionals="4" coveredconditionals="3" methods="2" coveredmethods="2"/>
      <line num="4" count="1" type="stmt"/>
      <line num="18" count="3" type="stmt"/>
      <line num="19" count="3" type="stmt"/>
      <line num="20" count="3" type="cond" truecount="3" falsecount="1"/>
      <line num="24" count="1" type="stmt"/>
    </file>
    <file name="UserName.ts" path="/home/juan_vicente/Downloads/NeG/Implementacion/UAO/NeG/backend/src/user/domain/UserName.ts">
      <metrics statements="13" coveredstatements="13" conditionals="7" coveredconditionals="7" methods="3" coveredmethods="3"/>
      <line num="1" count="2" type="stmt"/>
      <line num="5" count="9" type="cond" truecount="4" falsecount="0"/>
      <line num="6" count="1" type="stmt"/>
      <line num="8" count="8" type="cond" truecount="1" falsecount="0"/>
      <line num="9" count="1" type="stmt"/>
      <line num="11" count="7" type="cond" truecount="1" falsecount="0"/>
      <line num="12" count="1" type="stmt"/>
      <line num="14" count="6" type="cond" truecount="1" falsecount="0"/>
      <line num="15" count="2" type="stmt"/>
      <line num="18" count="4" type="stmt"/>
      <line num="22" count="2" type="stmt"/>
      <line num="26" count="6" type="stmt"/>
      <line num="27" count="6" type="stmt"/>
    </file>
    <file name="UserPassword.ts" path="/home/juan_vicente/Downloads/NeG/Implementacion/UAO/NeG/backend/src/user/domain/UserPassword.ts">
      <metrics statements="7" coveredstatements="7" conditionals="5" coveredconditionals="5" methods="2" coveredmethods="2"/>
      <line num="1" count="2" type="stmt"/>
      <line num="5" count="6" type="cond" truecount="4" falsecount="0"/>
      <line num="6" count="1" type="stmt"/>
      <line num="8" count="5" type="cond" truecount="1" falsecount="0"/>
      <line num="9" count="1" type="stmt"/>
      <line num="12" count="4" type="stmt"/>
      <line num="16" count="1" type="stmt"/>
    </file>
  </project>
</coverage>
