{"/home/juan_vicente/Downloads/NeG/Implementacion/UAO/NeG/backend/src/user/domain/User.ts": {"path":"/home/juan_vicente/Downloads/NeG/Implementacion/UAO/NeG/backend/src/user/domain/User.ts","statementMap":{"0":{"start":{"line":18,"column":4},"end":{"line":18,"column":30}},"1":{"start":{"line":19,"column":4},"end":{"line":19,"column":30}},"2":{"start":{"line":20,"column":4},"end":{"line":20,"column":44}},"3":{"start":{"line":24,"column":4},"end":{"line":24,"column":50}},"4":{"start":{"line":4,"column":0},"end":{"line":4,"column":13}}},"fnMap":{"0":{"name":"(anonymous_0)","decl":{"start":{"line":9,"column":2},"end":{"line":9,"column":14}},"loc":{"start":{"line":9,"column":82},"end":{"line":21,"column":3}}},"1":{"name":"(anonymous_1)","decl":{"start":{"line":23,"column":2},"end":{"line":23,"column":8}},"loc":{"start":{"line":23,"column":20},"end":{"line":25,"column":3}}}},"branchMap":{"0":{"loc":{"start":{"line":20,"column":24},"end":{"line":20,"column":43}},"type":"cond-expr","locations":[{"start":{"line":20,"column":24},"end":{"line":20,"column":37}},{"start":{"line":20,"column":41},"end":{"line":20,"column":43}}]},"1":{"loc":{"start":{"line":20,"column":24},"end":{"line":20,"column":41}},"type":"binary-expr","locations":[{"start":{"line":20,"column":24},"end":{"line":20,"column":41}},{"start":{"line":20,"column":24},"end":{"line":20,"column":41}}]}},"s":{"0":3,"1":3,"2":3,"3":1,"4":1},"f":{"0":3,"1":1},"b":{"0":[0,3],"1":[3,3]}}
,"/home/juan_vicente/Downloads/NeG/Implementacion/UAO/NeG/backend/src/user/domain/UserName.ts": {"path":"/home/juan_vicente/Downloads/NeG/Implementacion/UAO/NeG/backend/src/user/domain/UserName.ts","statementMap":{"0":{"start":{"line":5,"column":4},"end":{"line":7,"column":null}},"1":{"start":{"line":6,"column":6},"end":{"line":6,"column":64}},"2":{"start":{"line":8,"column":4},"end":{"line":10,"column":null}},"3":{"start":{"line":9,"column":6},"end":{"line":9,"column":60}},"4":{"start":{"line":11,"column":4},"end":{"line":13,"column":null}},"5":{"start":{"line":12,"column":6},"end":{"line":12,"column":64}},"6":{"start":{"line":14,"column":4},"end":{"line":16,"column":null}},"7":{"start":{"line":15,"column":6},"end":{"line":15,"column":94}},"8":{"start":{"line":18,"column":4},"end":{"line":18,"column":24}},"9":{"start":{"line":22,"column":4},"end":{"line":22,"column":46}},"10":{"start":{"line":26,"column":18},"end":{"line":26,"column":32}},"11":{"start":{"line":27,"column":4},"end":{"line":27,"column":33}},"12":{"start":{"line":1,"column":0},"end":{"line":1,"column":13}}},"fnMap":{"0":{"name":"(anonymous_0)","decl":{"start":{"line":4,"column":2},"end":{"line":4,"column":14}},"loc":{"start":{"line":4,"column":28},"end":{"line":19,"column":3}}},"1":{"name":"(anonymous_1)","decl":{"start":{"line":21,"column":2},"end":{"line":21,"column":8}},"loc":{"start":{"line":21,"column":28},"end":{"line":23,"column":3}}},"2":{"name":"(anonymous_2)","decl":{"start":{"line":25,"column":10},"end":{"line":25,"column":18}},"loc":{"start":{"line":25,"column":36},"end":{"line":28,"column":3}}}},"branchMap":{"0":{"loc":{"start":{"line":5,"column":4},"end":{"line":7,"column":null}},"type":"if","locations":[{"start":{"line":5,"column":4},"end":{"line":7,"column":null}}]},"1":{"loc":{"start":{"line":5,"column":7},"end":{"line":5,"column":70}},"type":"binary-expr","locations":[{"start":{"line":5,"column":7},"end":{"line":5,"column":22}},{"start":{"line":5,"column":26},"end":{"line":5,"column":46}},{"start":{"line":5,"column":50},"end":{"line":5,"column":70}}]},"2":{"loc":{"start":{"line":8,"column":4},"end":{"line":10,"column":null}},"type":"if","locations":[{"start":{"line":8,"column":4},"end":{"line":10,"column":null}}]},"3":{"loc":{"start":{"line":11,"column":4},"end":{"line":13,"column":null}},"type":"if","locations":[{"start":{"line":11,"column":4},"end":{"line":13,"column":null}}]},"4":{"loc":{"start":{"line":14,"column":4},"end":{"line":16,"column":null}},"type":"if","locations":[{"start":{"line":14,"column":4},"end":{"line":16,"column":null}}]}},"s":{"0":9,"1":1,"2":8,"3":1,"4":7,"5":1,"6":6,"7":2,"8":4,"9":2,"10":6,"11":6,"12":2},"f":{"0":9,"1":2,"2":6},"b":{"0":[1],"1":[9,9,9],"2":[1],"3":[1],"4":[2]}}
,"/home/juan_vicente/Downloads/NeG/Implementacion/UAO/NeG/backend/src/user/domain/UserPassword.ts": {"path":"/home/juan_vicente/Downloads/NeG/Implementacion/UAO/NeG/backend/src/user/domain/UserPassword.ts","statementMap":{"0":{"start":{"line":5,"column":4},"end":{"line":7,"column":null}},"1":{"start":{"line":6,"column":6},"end":{"line":6,"column":68}},"2":{"start":{"line":8,"column":4},"end":{"line":10,"column":null}},"3":{"start":{"line":9,"column":6},"end":{"line":9,"column":64}},"4":{"start":{"line":12,"column":4},"end":{"line":12,"column":24}},"5":{"start":{"line":16,"column":4},"end":{"line":16,"column":46}},"6":{"start":{"line":1,"column":0},"end":{"line":1,"column":13}}},"fnMap":{"0":{"name":"(anonymous_0)","decl":{"start":{"line":4,"column":2},"end":{"line":4,"column":14}},"loc":{"start":{"line":4,"column":28},"end":{"line":13,"column":3}}},"1":{"name":"(anonymous_1)","decl":{"start":{"line":15,"column":2},"end":{"line":15,"column":8}},"loc":{"start":{"line":15,"column":32},"end":{"line":17,"column":3}}}},"branchMap":{"0":{"loc":{"start":{"line":5,"column":4},"end":{"line":7,"column":null}},"type":"if","locations":[{"start":{"line":5,"column":4},"end":{"line":7,"column":null}}]},"1":{"loc":{"start":{"line":5,"column":7},"end":{"line":5,"column":70}},"type":"binary-expr","locations":[{"start":{"line":5,"column":7},"end":{"line":5,"column":22}},{"start":{"line":5,"column":26},"end":{"line":5,"column":46}},{"start":{"line":5,"column":50},"end":{"line":5,"column":70}}]},"2":{"loc":{"start":{"line":8,"column":4},"end":{"line":10,"column":null}},"type":"if","locations":[{"start":{"line":8,"column":4},"end":{"line":10,"column":null}}]}},"s":{"0":6,"1":1,"2":5,"3":1,"4":4,"5":1,"6":2},"f":{"0":6,"1":1},"b":{"0":[1],"1":[6,6,6],"2":[1]}}
}
