TN:
SF:src/user/domain/User.ts
FN:9,(anonymous_0)
FN:23,(anonymous_1)
FNF:2
FNH:2
FNDA:3,(anonymous_0)
FNDA:1,(anonymous_1)
DA:4,1
DA:18,3
DA:19,3
DA:20,3
DA:24,1
LF:5
LH:5
BRDA:20,0,0,0
BRDA:20,0,1,3
BRDA:20,1,0,3
BRDA:20,1,1,3
BRF:4
BRH:3
end_of_record
TN:
SF:src/user/domain/UserName.ts
FN:4,(anonymous_0)
FN:21,(anonymous_1)
FN:25,(anonymous_2)
FNF:3
FNH:3
FNDA:9,(anonymous_0)
FNDA:2,(anonymous_1)
FNDA:6,(anonymous_2)
DA:1,2
DA:5,9
DA:6,1
DA:8,8
DA:9,1
DA:11,7
DA:12,1
DA:14,6
DA:15,2
DA:18,4
DA:22,2
DA:26,6
DA:27,6
LF:13
LH:13
BRDA:5,0,0,1
BRDA:5,1,0,9
BRDA:5,1,1,9
BRDA:5,1,2,9
BRDA:8,2,0,1
BRDA:11,3,0,1
BRDA:14,4,0,2
BRF:7
BRH:7
end_of_record
TN:
SF:src/user/domain/UserPassword.ts
FN:4,(anonymous_0)
FN:15,(anonymous_1)
FNF:2
FNH:2
FNDA:6,(anonymous_0)
FNDA:1,(anonymous_1)
DA:1,2
DA:5,6
DA:6,1
DA:8,5
DA:9,1
DA:12,4
DA:16,1
LF:7
LH:7
BRDA:5,0,0,1
BRDA:5,1,0,6
BRDA:5,1,1,6
BRDA:5,1,2,6
BRDA:8,2,0,1
BRF:5
BRH:5
end_of_record
